#-----------------------------------------------------------
# Vivado v2020.2 (64-bit)
# SW Build 3064766 on Wed Nov 18 09:12:45 MST 2020
# IP Build 3064653 on Wed Nov 18 14:17:31 MST 2020
# Start of session at: Sat Jun 26 22:40:40 2021
# Process ID: 13396
# Current directory: C:/Users/yhszj/Desktop/FlappyBird
# Command line: vivado.exe -gui_launcher_event rodinguilauncherevent9540 C:\Users\yhszj\Desktop\FlappyBird\FlappyBird.xpr
# Log file: C:/Users/yhszj/Desktop/FlappyBird/vivado.log
# Journal file: C:/Users/yhszj/Desktop/FlappyBird\vivado.jou
#-----------------------------------------------------------
start_gui
open_project C:/Users/yhszj/Desktop/FlappyBird/FlappyBird.xpr
INFO: [Project 1-313] Project file moved from '/home/alexanderlake/Desktop/FlappyBird' since last save.
Scanning sources...
Finished scanning sources
INFO: [IP_Flow 19-234] Refreshing IP repositories
INFO: [IP_Flow 19-1704] No user IP repositories specified
INFO: [IP_Flow 19-2313] Loaded Vivado IP repository 'C:/Xilinx/Vivado/2020.2/data/ip'.
open_project: Time (s): cpu = 00:00:37 ; elapsed = 00:00:24 . Memory (MB): peak = 1072.879 ; gain = 0.000
update_compile_order -fileset sources_1
create_ip -name dist_mem_gen -vendor xilinx.com -library ip -version 8.0 -module_name SpeedUpROM
set_property -dict [list CONFIG.depth {256} CONFIG.Component_Name {SpeedUpROM} CONFIG.memory_type {rom}] [get_ips SpeedUpROM]
WARNING: [Vivado 12-3523] Attempt to change 'Component_Name' from 'SpeedUpROM' to 'SpeedUpROM' is not allowed and is ignored.
generate_target {instantiation_template} [get_files c:/Users/yhszj/Desktop/FlappyBird/FlappyBird.srcs/sources_1/ip/SpeedUpROM/SpeedUpROM.xci]
INFO: [IP_Flow 19-1686] Generating 'Instantiation Template' target for IP 'SpeedUpROM'...
update_compile_order -fileset sources_1
create_ip -name dist_mem_gen -vendor xilinx.com -library ip -version 8.0 -module_name SpeedDownROM
set_property -dict [list CONFIG.depth {256} CONFIG.Component_Name {SpeedDownROM} CONFIG.memory_type {rom}] [get_ips SpeedDownROM]
WARNING: [Vivado 12-3523] Attempt to change 'Component_Name' from 'SpeedDownROM' to 'SpeedDownROM' is not allowed and is ignored.
generate_target {instantiation_template} [get_files c:/Users/yhszj/Desktop/FlappyBird/FlappyBird.srcs/sources_1/ip/SpeedDownROM/SpeedDownROM.xci]
INFO: [IP_Flow 19-1686] Generating 'Instantiation Template' target for IP 'SpeedDownROM'...
update_compile_order -fileset sources_1
update_compile_order -fileset sources_1
update_compile_order -fileset sources_1
update_compile_order -fileset sources_1
set_property -dict [list CONFIG.coefficient_file {c:/Users/yhszj/Desktop/FlappyBird/FlappyBird.srcs/sources_1/ip/SpeedUpROM/SpeedUpROM.coe}] [get_ips SpeedUpROM]
INFO: [IP_Flow 19-3484] Absolute path of file 'c:/Users/yhszj/Desktop/FlappyBird/FlappyBird.srcs/sources_1/ip/SpeedUpROM/SpeedUpROM.coe' provided. It will be converted relative to IP Instance files 'SpeedUpROM.coe'
generate_target all [get_files  c:/Users/yhszj/Desktop/FlappyBird/FlappyBird.srcs/sources_1/ip/SpeedUpROM/SpeedUpROM.xci]
INFO: [IP_Flow 19-1686] Generating 'Instantiation Template' target for IP 'SpeedUpROM'...
INFO: [IP_Flow 19-1686] Generating 'Synthesis' target for IP 'SpeedUpROM'...
INFO: [IP_Flow 19-1686] Generating 'Simulation' target for IP 'SpeedUpROM'...
INFO: [IP_Flow 19-1686] Generating 'Change Log' target for IP 'SpeedUpROM'...
catch { config_ip_cache -export [get_ips -all SpeedUpROM] }
export_ip_user_files -of_objects [get_files c:/Users/yhszj/Desktop/FlappyBird/FlappyBird.srcs/sources_1/ip/SpeedUpROM/SpeedUpROM.xci] -no_script -sync -force -quiet
create_ip_run [get_files -of_objects [get_fileset sources_1] c:/Users/yhszj/Desktop/FlappyBird/FlappyBird.srcs/sources_1/ip/SpeedUpROM/SpeedUpROM.xci]
launch_runs SpeedUpROM_synth_1 -jobs 8
[Sat Jun 26 23:07:36 2021] Launched SpeedUpROM_synth_1...
Run output will be captured here: C:/Users/yhszj/Desktop/FlappyBird/FlappyBird.runs/SpeedUpROM_synth_1/runme.log
export_simulation -of_objects [get_files c:/Users/yhszj/Desktop/FlappyBird/FlappyBird.srcs/sources_1/ip/SpeedUpROM/SpeedUpROM.xci] -directory C:/Users/yhszj/Desktop/FlappyBird/FlappyBird.ip_user_files/sim_scripts -ip_user_files_dir C:/Users/yhszj/Desktop/FlappyBird/FlappyBird.ip_user_files -ipstatic_source_dir C:/Users/yhszj/Desktop/FlappyBird/FlappyBird.ip_user_files/ipstatic -lib_map_path [list {modelsim=C:/Users/yhszj/Desktop/FlappyBird/FlappyBird.cache/compile_simlib/modelsim} {questa=C:/Users/yhszj/Desktop/FlappyBird/FlappyBird.cache/compile_simlib/questa} {riviera=C:/Users/yhszj/Desktop/FlappyBird/FlappyBird.cache/compile_simlib/riviera} {activehdl=C:/Users/yhszj/Desktop/FlappyBird/FlappyBird.cache/compile_simlib/activehdl}] -use_ip_compiled_libs -force -quiet
set_property -dict [list CONFIG.coefficient_file {c:/Users/yhszj/Desktop/FlappyBird/FlappyBird.srcs/sources_1/ip/SpeedDownROM/SpeedUpROM.coe}] [get_ips SpeedDownROM]
INFO: [IP_Flow 19-3484] Absolute path of file 'c:/Users/yhszj/Desktop/FlappyBird/FlappyBird.srcs/sources_1/ip/SpeedDownROM/SpeedUpROM.coe' provided. It will be converted relative to IP Instance files 'SpeedUpROM.coe'
generate_target all [get_files  c:/Users/yhszj/Desktop/FlappyBird/FlappyBird.srcs/sources_1/ip/SpeedDownROM/SpeedDownROM.xci]
INFO: [IP_Flow 19-1686] Generating 'Instantiation Template' target for IP 'SpeedDownROM'...
INFO: [IP_Flow 19-1686] Generating 'Synthesis' target for IP 'SpeedDownROM'...
INFO: [IP_Flow 19-1686] Generating 'Simulation' target for IP 'SpeedDownROM'...
INFO: [IP_Flow 19-1686] Generating 'Change Log' target for IP 'SpeedDownROM'...
catch { config_ip_cache -export [get_ips -all SpeedDownROM] }
export_ip_user_files -of_objects [get_files c:/Users/yhszj/Desktop/FlappyBird/FlappyBird.srcs/sources_1/ip/SpeedDownROM/SpeedDownROM.xci] -no_script -sync -force -quiet
create_ip_run [get_files -of_objects [get_fileset sources_1] c:/Users/yhszj/Desktop/FlappyBird/FlappyBird.srcs/sources_1/ip/SpeedDownROM/SpeedDownROM.xci]
launch_runs SpeedDownROM_synth_1 -jobs 8
[Sat Jun 26 23:08:27 2021] Launched SpeedDownROM_synth_1...
Run output will be captured here: C:/Users/yhszj/Desktop/FlappyBird/FlappyBird.runs/SpeedDownROM_synth_1/runme.log
export_simulation -of_objects [get_files c:/Users/yhszj/Desktop/FlappyBird/FlappyBird.srcs/sources_1/ip/SpeedDownROM/SpeedDownROM.xci] -directory C:/Users/yhszj/Desktop/FlappyBird/FlappyBird.ip_user_files/sim_scripts -ip_user_files_dir C:/Users/yhszj/Desktop/FlappyBird/FlappyBird.ip_user_files -ipstatic_source_dir C:/Users/yhszj/Desktop/FlappyBird/FlappyBird.ip_user_files/ipstatic -lib_map_path [list {modelsim=C:/Users/yhszj/Desktop/FlappyBird/FlappyBird.cache/compile_simlib/modelsim} {questa=C:/Users/yhszj/Desktop/FlappyBird/FlappyBird.cache/compile_simlib/questa} {riviera=C:/Users/yhszj/Desktop/FlappyBird/FlappyBird.cache/compile_simlib/riviera} {activehdl=C:/Users/yhszj/Desktop/FlappyBird/FlappyBird.cache/compile_simlib/activehdl}] -use_ip_compiled_libs -force -quiet
reset_run synth_1
WARNING: [Vivado 12-1017] Problems encountered:
1. Failed to delete one or more files in run directory C:/Users/yhszj/Desktop/FlappyBird/FlappyBird.runs/synth_1

launch_runs impl_1 -to_step write_bitstream -jobs 8
[Sat Jun 26 23:09:34 2021] Launched synth_1...
Run output will be captured here: C:/Users/yhszj/Desktop/FlappyBird/FlappyBird.runs/synth_1/runme.log
[Sat Jun 26 23:09:34 2021] Launched impl_1...
Run output will be captured here: C:/Users/yhszj/Desktop/FlappyBird/FlappyBird.runs/impl_1/runme.log
reset_run synth_1
WARNING: [Vivado 12-1017] Problems encountered:
1. Failed to delete one or more files in run directory C:/Users/yhszj/Desktop/FlappyBird/FlappyBird.runs/synth_1

launch_runs impl_1 -to_step write_bitstream -jobs 8
[Sat Jun 26 23:13:56 2021] Launched synth_1...
Run output will be captured here: C:/Users/yhszj/Desktop/FlappyBird/FlappyBird.runs/synth_1/runme.log
[Sat Jun 26 23:13:56 2021] Launched impl_1...
Run output will be captured here: C:/Users/yhszj/Desktop/FlappyBird/FlappyBird.runs/impl_1/runme.log
open_hw_manager
connect_hw_server -allow_non_jtag
INFO: [Labtools 27-2285] Connecting to hw_server url TCP:localhost:3121
INFO: [Labtools 27-2222] Launching hw_server...
INFO: [Labtools 27-2221] Launch Output:

****** Xilinx hw_server v2020.2
  **** Build date : Nov 18 2020 at 10:01:48
    ** Copyright 1986-2020 Xilinx, Inc. All Rights Reserved.


INFO: [Labtools 27-3415] Connecting to cs_server url TCP:localhost:3042
INFO: [Labtools 27-3417] Launching cs_server...
INFO: [Labtools 27-2221] Launch Output:


******** Xilinx cs_server v2020.2
  ****** Build date   : Nov 04 2020-05:02:56
    **** Build number : 2020.2.1604437376
      ** Copyright 2017-2020 Xilinx, Inc. All Rights Reserved.



connect_hw_server: Time (s): cpu = 00:00:01 ; elapsed = 00:00:13 . Memory (MB): peak = 1172.020 ; gain = 15.152
open_hw_target
INFO: [Labtoolstcl 44-466] Opening hw_target localhost:3121/xilinx_tcf/Xilinx/1234-tulA
open_hw_target: Time (s): cpu = 00:00:06 ; elapsed = 00:00:06 . Memory (MB): peak = 2717.305 ; gain = 1545.285
set_property PROGRAM.FILE {C:/Users/yhszj/Desktop/FlappyBird/FlappyBird.runs/impl_1/main.bit} [get_hw_devices xc7a35t_0]
current_hw_device [get_hw_devices xc7a35t_0]
refresh_hw_device -update_hw_probes false [lindex [get_hw_devices xc7a35t_0] 0]
INFO: [Labtools 27-1434] Device xc7a35t (JTAG device index = 0) is programmed with a design that has no supported debug core(s) in it.
set_property PROBES.FILE {} [get_hw_devices xc7a35t_0]
set_property FULL_PROBES.FILE {} [get_hw_devices xc7a35t_0]
set_property PROGRAM.FILE {C:/Users/yhszj/Desktop/FlappyBird/FlappyBird.runs/impl_1/main.bit} [get_hw_devices xc7a35t_0]
program_hw_devices [get_hw_devices xc7a35t_0]
INFO: [Labtools 27-3164] End of startup status: HIGH
refresh_hw_device [lindex [get_hw_devices xc7a35t_0] 0]
INFO: [Labtools 27-1434] Device xc7a35t (JTAG device index = 0) is programmed with a design that has no supported debug core(s) in it.
reset_run synth_1
WARNING: [Vivado 12-1017] Problems encountered:
1. Failed to delete one or more files in run directory C:/Users/yhszj/Desktop/FlappyBird/FlappyBird.runs/synth_1

launch_runs impl_1 -to_step write_bitstream -jobs 8
[Sat Jun 26 23:21:50 2021] Launched synth_1...
Run output will be captured here: C:/Users/yhszj/Desktop/FlappyBird/FlappyBird.runs/synth_1/runme.log
[Sat Jun 26 23:21:50 2021] Launched impl_1...
Run output will be captured here: C:/Users/yhszj/Desktop/FlappyBird/FlappyBird.runs/impl_1/runme.log
set_property PROBES.FILE {} [get_hw_devices xc7a35t_0]
set_property FULL_PROBES.FILE {} [get_hw_devices xc7a35t_0]
set_property PROGRAM.FILE {C:/Users/yhszj/Desktop/FlappyBird/FlappyBird.runs/impl_1/main.bit} [get_hw_devices xc7a35t_0]
program_hw_devices [get_hw_devices xc7a35t_0]
INFO: [Labtools 27-3164] End of startup status: HIGH
refresh_hw_device [lindex [get_hw_devices xc7a35t_0] 0]
INFO: [Labtools 27-1434] Device xc7a35t (JTAG device index = 0) is programmed with a design that has no supported debug core(s) in it.
reset_run synth_1
WARNING: [Vivado 12-1017] Problems encountered:
1. Failed to delete one or more files in run directory C:/Users/yhszj/Desktop/FlappyBird/FlappyBird.runs/synth_1

launch_runs impl_1 -to_step write_bitstream -jobs 8
[Sat Jun 26 23:31:35 2021] Launched synth_1...
Run output will be captured here: C:/Users/yhszj/Desktop/FlappyBird/FlappyBird.runs/synth_1/runme.log
[Sat Jun 26 23:31:35 2021] Launched impl_1...
Run output will be captured here: C:/Users/yhszj/Desktop/FlappyBird/FlappyBird.runs/impl_1/runme.log
set_property PROBES.FILE {} [get_hw_devices xc7a35t_0]
set_property FULL_PROBES.FILE {} [get_hw_devices xc7a35t_0]
set_property PROGRAM.FILE {C:/Users/yhszj/Desktop/FlappyBird/FlappyBird.runs/impl_1/main.bit} [get_hw_devices xc7a35t_0]
program_hw_devices [get_hw_devices xc7a35t_0]
INFO: [Labtools 27-3164] End of startup status: HIGH
refresh_hw_device [lindex [get_hw_devices xc7a35t_0] 0]
INFO: [Labtools 27-1434] Device xc7a35t (JTAG device index = 0) is programmed with a design that has no supported debug core(s) in it.
reset_run synth_1
WARNING: [Vivado 12-1017] Problems encountered:
1. Failed to delete one or more files in run directory C:/Users/yhszj/Desktop/FlappyBird/FlappyBird.runs/synth_1

launch_runs impl_1 -to_step write_bitstream -jobs 8
[Sat Jun 26 23:40:52 2021] Launched synth_1...
Run output will be captured here: C:/Users/yhszj/Desktop/FlappyBird/FlappyBird.runs/synth_1/runme.log
[Sat Jun 26 23:40:52 2021] Launched impl_1...
Run output will be captured here: C:/Users/yhszj/Desktop/FlappyBird/FlappyBird.runs/impl_1/runme.log
set_property PROBES.FILE {} [get_hw_devices xc7a35t_0]
set_property FULL_PROBES.FILE {} [get_hw_devices xc7a35t_0]
set_property PROGRAM.FILE {C:/Users/yhszj/Desktop/FlappyBird/FlappyBird.runs/impl_1/main.bit} [get_hw_devices xc7a35t_0]
program_hw_devices [get_hw_devices xc7a35t_0]
INFO: [Labtools 27-3164] End of startup status: HIGH
refresh_hw_device [lindex [get_hw_devices xc7a35t_0] 0]
INFO: [Labtools 27-1434] Device xc7a35t (JTAG device index = 0) is programmed with a design that has no supported debug core(s) in it.
reset_run synth_1
WARNING: [Vivado 12-1017] Problems encountered:
1. Failed to delete one or more files in run directory C:/Users/yhszj/Desktop/FlappyBird/FlappyBird.runs/synth_1

launch_runs impl_1 -to_step write_bitstream -jobs 8
[Sat Jun 26 23:46:26 2021] Launched synth_1...
Run output will be captured here: C:/Users/yhszj/Desktop/FlappyBird/FlappyBird.runs/synth_1/runme.log
[Sat Jun 26 23:46:26 2021] Launched impl_1...
Run output will be captured here: C:/Users/yhszj/Desktop/FlappyBird/FlappyBird.runs/impl_1/runme.log
set_property PROBES.FILE {} [get_hw_devices xc7a35t_0]
set_property FULL_PROBES.FILE {} [get_hw_devices xc7a35t_0]
set_property PROGRAM.FILE {C:/Users/yhszj/Desktop/FlappyBird/FlappyBird.runs/impl_1/main.bit} [get_hw_devices xc7a35t_0]
program_hw_devices [get_hw_devices xc7a35t_0]
INFO: [Labtools 27-3164] End of startup status: HIGH
refresh_hw_device [lindex [get_hw_devices xc7a35t_0] 0]
INFO: [Labtools 27-1434] Device xc7a35t (JTAG device index = 0) is programmed with a design that has no supported debug core(s) in it.
reset_run synth_1
WARNING: [Vivado 12-1017] Problems encountered:
1. Failed to delete one or more files in run directory C:/Users/yhszj/Desktop/FlappyBird/FlappyBird.runs/synth_1

launch_runs impl_1 -to_step write_bitstream -jobs 8
[Sat Jun 26 23:51:25 2021] Launched synth_1...
Run output will be captured here: C:/Users/yhszj/Desktop/FlappyBird/FlappyBird.runs/synth_1/runme.log
[Sat Jun 26 23:51:25 2021] Launched impl_1...
Run output will be captured here: C:/Users/yhszj/Desktop/FlappyBird/FlappyBird.runs/impl_1/runme.log
reset_run impl_1
reset_run synth_1
WARNING: [Vivado 12-1017] Problems encountered:
1. Failed to delete one or more files in run directory C:/Users/yhszj/Desktop/FlappyBird/FlappyBird.runs/synth_1

launch_runs impl_1 -to_step write_bitstream -jobs 8
[Sat Jun 26 23:54:32 2021] Launched synth_1...
Run output will be captured here: C:/Users/yhszj/Desktop/FlappyBird/FlappyBird.runs/synth_1/runme.log
[Sat Jun 26 23:54:32 2021] Launched impl_1...
Run output will be captured here: C:/Users/yhszj/Desktop/FlappyBird/FlappyBird.runs/impl_1/runme.log
set_property PROBES.FILE {} [get_hw_devices xc7a35t_0]
set_property FULL_PROBES.FILE {} [get_hw_devices xc7a35t_0]
set_property PROGRAM.FILE {C:/Users/yhszj/Desktop/FlappyBird/FlappyBird.runs/impl_1/main.bit} [get_hw_devices xc7a35t_0]
program_hw_devices [get_hw_devices xc7a35t_0]
INFO: [Labtools 27-3164] End of startup status: HIGH
refresh_hw_device [lindex [get_hw_devices xc7a35t_0] 0]
INFO: [Labtools 27-1434] Device xc7a35t (JTAG device index = 0) is programmed with a design that has no supported debug core(s) in it.
reset_run synth_1
WARNING: [Vivado 12-1017] Problems encountered:
1. Failed to delete one or more files in run directory C:/Users/yhszj/Desktop/FlappyBird/FlappyBird.runs/synth_1

launch_runs impl_1 -to_step write_bitstream -jobs 8
[Sun Jun 27 00:06:45 2021] Launched synth_1...
Run output will be captured here: C:/Users/yhszj/Desktop/FlappyBird/FlappyBird.runs/synth_1/runme.log
[Sun Jun 27 00:06:46 2021] Launched impl_1...
Run output will be captured here: C:/Users/yhszj/Desktop/FlappyBird/FlappyBird.runs/impl_1/runme.log
set_property PROBES.FILE {} [get_hw_devices xc7a35t_0]
set_property FULL_PROBES.FILE {} [get_hw_devices xc7a35t_0]
set_property PROGRAM.FILE {C:/Users/yhszj/Desktop/FlappyBird/FlappyBird.runs/impl_1/main.bit} [get_hw_devices xc7a35t_0]
program_hw_devices [get_hw_devices xc7a35t_0]
INFO: [Labtools 27-3164] End of startup status: HIGH
refresh_hw_device [lindex [get_hw_devices xc7a35t_0] 0]
INFO: [Labtools 27-1434] Device xc7a35t (JTAG device index = 0) is programmed with a design that has no supported debug core(s) in it.
ERROR: [Labtoolstcl 44-513] HW Target shutdown. Closing target: localhost:3121/xilinx_tcf/Xilinx/1234-tulA
reset_run synth_1
WARNING: [Vivado 12-1017] Problems encountered:
1. Failed to delete one or more files in run directory C:/Users/yhszj/Desktop/FlappyBird/FlappyBird.runs/synth_1

launch_runs impl_1 -to_step write_bitstream -jobs 8
[Sun Jun 27 17:52:31 2021] Launched synth_1...
Run output will be captured here: C:/Users/yhszj/Desktop/FlappyBird/FlappyBird.runs/synth_1/runme.log
[Sun Jun 27 17:52:31 2021] Launched impl_1...
Run output will be captured here: C:/Users/yhszj/Desktop/FlappyBird/FlappyBird.runs/impl_1/runme.log
INFO: [Labtoolstcl 44-466] Opening hw_target localhost:3121/xilinx_tcf/Xilinx/1234-tulA
INFO: [Labtools 27-1435] Device xc7a35t (JTAG device index = 0) is not programmed (DONE status = 0).
WARNING: [Labtoolstcl 44-129] No matching hw_ila_data was found.
set_property PROBES.FILE {} [get_hw_devices xc7a35t_0]
set_property FULL_PROBES.FILE {} [get_hw_devices xc7a35t_0]
set_property PROGRAM.FILE {C:/Users/yhszj/Desktop/FlappyBird/FlappyBird.runs/impl_1/main.bit} [get_hw_devices xc7a35t_0]
program_hw_devices [get_hw_devices xc7a35t_0]
INFO: [Labtools 27-3164] End of startup status: HIGH
refresh_hw_device [lindex [get_hw_devices xc7a35t_0] 0]
INFO: [Labtools 27-1434] Device xc7a35t (JTAG device index = 0) is programmed with a design that has no supported debug core(s) in it.
reset_run synth_1
WARNING: [Vivado 12-1017] Problems encountered:
1. Failed to delete one or more files in run directory C:/Users/yhszj/Desktop/FlappyBird/FlappyBird.runs/synth_1

launch_runs impl_1 -to_step write_bitstream -jobs 8
[Sun Jun 27 18:03:36 2021] Launched synth_1...
Run output will be captured here: C:/Users/yhszj/Desktop/FlappyBird/FlappyBird.runs/synth_1/runme.log
[Sun Jun 27 18:03:36 2021] Launched impl_1...
Run output will be captured here: C:/Users/yhszj/Desktop/FlappyBird/FlappyBird.runs/impl_1/runme.log
set_property PROBES.FILE {} [get_hw_devices xc7a35t_0]
set_property FULL_PROBES.FILE {} [get_hw_devices xc7a35t_0]
set_property PROGRAM.FILE {C:/Users/yhszj/Desktop/FlappyBird/FlappyBird.runs/impl_1/main.bit} [get_hw_devices xc7a35t_0]
program_hw_devices [get_hw_devices xc7a35t_0]
INFO: [Labtools 27-3164] End of startup status: HIGH
refresh_hw_device [lindex [get_hw_devices xc7a35t_0] 0]
INFO: [Labtools 27-1434] Device xc7a35t (JTAG device index = 0) is programmed with a design that has no supported debug core(s) in it.
reset_run synth_1
WARNING: [Vivado 12-1017] Problems encountered:
1. Failed to delete one or more files in run directory C:/Users/yhszj/Desktop/FlappyBird/FlappyBird.runs/synth_1

launch_runs impl_1 -to_step write_bitstream -jobs 8
[Sun Jun 27 20:24:10 2021] Launched synth_1...
Run output will be captured here: C:/Users/yhszj/Desktop/FlappyBird/FlappyBird.runs/synth_1/runme.log
[Sun Jun 27 20:24:10 2021] Launched impl_1...
Run output will be captured here: C:/Users/yhszj/Desktop/FlappyBird/FlappyBird.runs/impl_1/runme.log
set_property PROBES.FILE {} [get_hw_devices xc7a35t_0]
set_property FULL_PROBES.FILE {} [get_hw_devices xc7a35t_0]
set_property PROGRAM.FILE {C:/Users/yhszj/Desktop/FlappyBird/FlappyBird.runs/impl_1/main.bit} [get_hw_devices xc7a35t_0]
program_hw_devices [get_hw_devices xc7a35t_0]
INFO: [Labtools 27-3164] End of startup status: HIGH
refresh_hw_device [lindex [get_hw_devices xc7a35t_0] 0]
INFO: [Labtools 27-1434] Device xc7a35t (JTAG device index = 0) is programmed with a design that has no supported debug core(s) in it.
reset_run synth_1
WARNING: [Vivado 12-1017] Problems encountered:
1. Failed to delete one or more files in run directory C:/Users/yhszj/Desktop/FlappyBird/FlappyBird.runs/synth_1

launch_runs impl_1 -to_step write_bitstream -jobs 8
[Sun Jun 27 20:32:49 2021] Launched synth_1...
Run output will be captured here: C:/Users/yhszj/Desktop/FlappyBird/FlappyBird.runs/synth_1/runme.log
[Sun Jun 27 20:32:49 2021] Launched impl_1...
Run output will be captured here: C:/Users/yhszj/Desktop/FlappyBird/FlappyBird.runs/impl_1/runme.log
set_property PROBES.FILE {} [get_hw_devices xc7a35t_0]
set_property FULL_PROBES.FILE {} [get_hw_devices xc7a35t_0]
set_property PROGRAM.FILE {C:/Users/yhszj/Desktop/FlappyBird/FlappyBird.runs/impl_1/main.bit} [get_hw_devices xc7a35t_0]
program_hw_devices [get_hw_devices xc7a35t_0]
INFO: [Labtools 27-3164] End of startup status: HIGH
refresh_hw_device [lindex [get_hw_devices xc7a35t_0] 0]
INFO: [Labtools 27-1434] Device xc7a35t (JTAG device index = 0) is programmed with a design that has no supported debug core(s) in it.
reset_run synth_1
WARNING: [Vivado 12-1017] Problems encountered:
1. Failed to delete one or more files in run directory C:/Users/yhszj/Desktop/FlappyBird/FlappyBird.runs/synth_1

launch_runs impl_1 -to_step write_bitstream -jobs 8
[Sun Jun 27 20:38:03 2021] Launched synth_1...
Run output will be captured here: C:/Users/yhszj/Desktop/FlappyBird/FlappyBird.runs/synth_1/runme.log
[Sun Jun 27 20:38:03 2021] Launched impl_1...
Run output will be captured here: C:/Users/yhszj/Desktop/FlappyBird/FlappyBird.runs/impl_1/runme.log
update_compile_order -fileset sources_1
update_compile_order -fileset sources_1
set_property PROBES.FILE {} [get_hw_devices xc7a35t_0]
set_property FULL_PROBES.FILE {} [get_hw_devices xc7a35t_0]
set_property PROGRAM.FILE {C:/Users/yhszj/Desktop/FlappyBird/FlappyBird.runs/impl_1/main.bit} [get_hw_devices xc7a35t_0]
program_hw_devices [get_hw_devices xc7a35t_0]
INFO: [Labtools 27-3164] End of startup status: HIGH
refresh_hw_device [lindex [get_hw_devices xc7a35t_0] 0]
INFO: [Labtools 27-1434] Device xc7a35t (JTAG device index = 0) is programmed with a design that has no supported debug core(s) in it.
reset_run synth_1
WARNING: [Vivado 12-1017] Problems encountered:
1. Failed to delete one or more files in run directory C:/Users/yhszj/Desktop/FlappyBird/FlappyBird.runs/synth_1

launch_runs impl_1 -to_step write_bitstream -jobs 8
[Sun Jun 27 20:43:53 2021] Launched synth_1...
Run output will be captured here: C:/Users/yhszj/Desktop/FlappyBird/FlappyBird.runs/synth_1/runme.log
[Sun Jun 27 20:43:53 2021] Launched impl_1...
Run output will be captured here: C:/Users/yhszj/Desktop/FlappyBird/FlappyBird.runs/impl_1/runme.log
set_property PROBES.FILE {} [get_hw_devices xc7a35t_0]
set_property FULL_PROBES.FILE {} [get_hw_devices xc7a35t_0]
set_property PROGRAM.FILE {C:/Users/yhszj/Desktop/FlappyBird/FlappyBird.runs/impl_1/main.bit} [get_hw_devices xc7a35t_0]
program_hw_devices [get_hw_devices xc7a35t_0]
INFO: [Labtools 27-3164] End of startup status: HIGH
refresh_hw_device [lindex [get_hw_devices xc7a35t_0] 0]
INFO: [Labtools 27-1434] Device xc7a35t (JTAG device index = 0) is programmed with a design that has no supported debug core(s) in it.
set_property PROBES.FILE {} [get_hw_devices xc7a35t_0]
set_property FULL_PROBES.FILE {} [get_hw_devices xc7a35t_0]
set_property PROGRAM.FILE {C:/Users/yhszj/Desktop/FlappyBird/FlappyBird.runs/impl_1/main.bit} [get_hw_devices xc7a35t_0]
program_hw_devices [get_hw_devices xc7a35t_0]
INFO: [Labtools 27-3164] End of startup status: HIGH
refresh_hw_device [lindex [get_hw_devices xc7a35t_0] 0]
INFO: [Labtools 27-1434] Device xc7a35t (JTAG device index = 0) is programmed with a design that has no supported debug core(s) in it.
reset_run synth_1
WARNING: [Vivado 12-1017] Problems encountered:
1. Failed to delete one or more files in run directory C:/Users/yhszj/Desktop/FlappyBird/FlappyBird.runs/synth_1

launch_runs impl_1 -to_step write_bitstream -jobs 8
[Sun Jun 27 20:57:31 2021] Launched synth_1...
Run output will be captured here: C:/Users/yhszj/Desktop/FlappyBird/FlappyBird.runs/synth_1/runme.log
[Sun Jun 27 20:57:31 2021] Launched impl_1...
Run output will be captured here: C:/Users/yhszj/Desktop/FlappyBird/FlappyBird.runs/impl_1/runme.log
reset_run impl_1
reset_run synth_1
WARNING: [Vivado 12-1017] Problems encountered:
1. Failed to delete one or more files in run directory C:/Users/yhszj/Desktop/FlappyBird/FlappyBird.runs/synth_1

launch_runs impl_1 -to_step write_bitstream -jobs 8
[Sun Jun 27 21:00:06 2021] Launched synth_1...
Run output will be captured here: C:/Users/yhszj/Desktop/FlappyBird/FlappyBird.runs/synth_1/runme.log
[Sun Jun 27 21:00:06 2021] Launched impl_1...
Run output will be captured here: C:/Users/yhszj/Desktop/FlappyBird/FlappyBird.runs/impl_1/runme.log
set_property PROBES.FILE {} [get_hw_devices xc7a35t_0]
set_property FULL_PROBES.FILE {} [get_hw_devices xc7a35t_0]
set_property PROGRAM.FILE {C:/Users/yhszj/Desktop/FlappyBird/FlappyBird.runs/impl_1/main.bit} [get_hw_devices xc7a35t_0]
program_hw_devices [get_hw_devices xc7a35t_0]
INFO: [Labtools 27-3164] End of startup status: HIGH
refresh_hw_device [lindex [get_hw_devices xc7a35t_0] 0]
INFO: [Labtools 27-1434] Device xc7a35t (JTAG device index = 0) is programmed with a design that has no supported debug core(s) in it.
reset_run synth_1
WARNING: [Vivado 12-1017] Problems encountered:
1. Failed to delete one or more files in run directory C:/Users/yhszj/Desktop/FlappyBird/FlappyBird.runs/synth_1

launch_runs impl_1 -to_step write_bitstream -jobs 8
[Sun Jun 27 21:16:57 2021] Launched synth_1...
Run output will be captured here: C:/Users/yhszj/Desktop/FlappyBird/FlappyBird.runs/synth_1/runme.log
[Sun Jun 27 21:16:57 2021] Launched impl_1...
Run output will be captured here: C:/Users/yhszj/Desktop/FlappyBird/FlappyBird.runs/impl_1/runme.log
set_property PROBES.FILE {} [get_hw_devices xc7a35t_0]
set_property FULL_PROBES.FILE {} [get_hw_devices xc7a35t_0]
set_property PROGRAM.FILE {C:/Users/yhszj/Desktop/FlappyBird/FlappyBird.runs/impl_1/main.bit} [get_hw_devices xc7a35t_0]
program_hw_devices [get_hw_devices xc7a35t_0]
INFO: [Labtools 27-3164] End of startup status: HIGH
refresh_hw_device [lindex [get_hw_devices xc7a35t_0] 0]
INFO: [Labtools 27-1434] Device xc7a35t (JTAG device index = 0) is programmed with a design that has no supported debug core(s) in it.
reset_run synth_1
WARNING: [Vivado 12-1017] Problems encountered:
1. Failed to delete one or more files in run directory C:/Users/yhszj/Desktop/FlappyBird/FlappyBird.runs/synth_1

launch_runs impl_1 -to_step write_bitstream -jobs 8
[Sun Jun 27 21:34:18 2021] Launched synth_1...
Run output will be captured here: C:/Users/yhszj/Desktop/FlappyBird/FlappyBird.runs/synth_1/runme.log
[Sun Jun 27 21:34:19 2021] Launched impl_1...
Run output will be captured here: C:/Users/yhszj/Desktop/FlappyBird/FlappyBird.runs/impl_1/runme.log
set_property PROBES.FILE {} [get_hw_devices xc7a35t_0]
set_property FULL_PROBES.FILE {} [get_hw_devices xc7a35t_0]
set_property PROGRAM.FILE {C:/Users/yhszj/Desktop/FlappyBird/FlappyBird.runs/impl_1/main.bit} [get_hw_devices xc7a35t_0]
program_hw_devices [get_hw_devices xc7a35t_0]
INFO: [Labtools 27-3164] End of startup status: HIGH
refresh_hw_device [lindex [get_hw_devices xc7a35t_0] 0]
INFO: [Labtools 27-1434] Device xc7a35t (JTAG device index = 0) is programmed with a design that has no supported debug core(s) in it.
reset_run synth_1
WARNING: [Vivado 12-1017] Problems encountered:
1. Failed to delete one or more files in run directory C:/Users/yhszj/Desktop/FlappyBird/FlappyBird.runs/synth_1

launch_runs impl_1 -to_step write_bitstream -jobs 8
[Sun Jun 27 21:40:15 2021] Launched synth_1...
Run output will be captured here: C:/Users/yhszj/Desktop/FlappyBird/FlappyBird.runs/synth_1/runme.log
[Sun Jun 27 21:40:15 2021] Launched impl_1...
Run output will be captured here: C:/Users/yhszj/Desktop/FlappyBird/FlappyBird.runs/impl_1/runme.log
set_property PROBES.FILE {} [get_hw_devices xc7a35t_0]
set_property FULL_PROBES.FILE {} [get_hw_devices xc7a35t_0]
set_property PROGRAM.FILE {C:/Users/yhszj/Desktop/FlappyBird/FlappyBird.runs/impl_1/main.bit} [get_hw_devices xc7a35t_0]
program_hw_devices [get_hw_devices xc7a35t_0]
INFO: [Labtools 27-3164] End of startup status: HIGH
refresh_hw_device [lindex [get_hw_devices xc7a35t_0] 0]
INFO: [Labtools 27-1434] Device xc7a35t (JTAG device index = 0) is programmed with a design that has no supported debug core(s) in it.
reset_run synth_1
WARNING: [Vivado 12-1017] Problems encountered:
1. Failed to delete one or more files in run directory C:/Users/yhszj/Desktop/FlappyBird/FlappyBird.runs/synth_1

launch_runs impl_1 -to_step write_bitstream -jobs 8
[Sun Jun 27 21:48:32 2021] Launched synth_1...
Run output will be captured here: C:/Users/yhszj/Desktop/FlappyBird/FlappyBird.runs/synth_1/runme.log
[Sun Jun 27 21:48:32 2021] Launched impl_1...
Run output will be captured here: C:/Users/yhszj/Desktop/FlappyBird/FlappyBird.runs/impl_1/runme.log
set_property PROBES.FILE {} [get_hw_devices xc7a35t_0]
set_property FULL_PROBES.FILE {} [get_hw_devices xc7a35t_0]
set_property PROGRAM.FILE {C:/Users/yhszj/Desktop/FlappyBird/FlappyBird.runs/impl_1/main.bit} [get_hw_devices xc7a35t_0]
program_hw_devices [get_hw_devices xc7a35t_0]
INFO: [Labtools 27-3164] End of startup status: HIGH
refresh_hw_device [lindex [get_hw_devices xc7a35t_0] 0]
INFO: [Labtools 27-1434] Device xc7a35t (JTAG device index = 0) is programmed with a design that has no supported debug core(s) in it.
reset_run synth_1
WARNING: [Vivado 12-1017] Problems encountered:
1. Failed to delete one or more files in run directory C:/Users/yhszj/Desktop/FlappyBird/FlappyBird.runs/synth_1

launch_runs impl_1 -to_step write_bitstream -jobs 8
[Sun Jun 27 21:52:44 2021] Launched synth_1...
Run output will be captured here: C:/Users/yhszj/Desktop/FlappyBird/FlappyBird.runs/synth_1/runme.log
[Sun Jun 27 21:52:44 2021] Launched impl_1...
Run output will be captured here: C:/Users/yhszj/Desktop/FlappyBird/FlappyBird.runs/impl_1/runme.log
set_property PROBES.FILE {} [get_hw_devices xc7a35t_0]
set_property FULL_PROBES.FILE {} [get_hw_devices xc7a35t_0]
set_property PROGRAM.FILE {C:/Users/yhszj/Desktop/FlappyBird/FlappyBird.runs/impl_1/main.bit} [get_hw_devices xc7a35t_0]
program_hw_devices [get_hw_devices xc7a35t_0]
INFO: [Labtools 27-3164] End of startup status: HIGH
refresh_hw_device [lindex [get_hw_devices xc7a35t_0] 0]
INFO: [Labtools 27-1434] Device xc7a35t (JTAG device index = 0) is programmed with a design that has no supported debug core(s) in it.
reset_run synth_1
WARNING: [Vivado 12-1017] Problems encountered:
1. Failed to delete one or more files in run directory C:/Users/yhszj/Desktop/FlappyBird/FlappyBird.runs/synth_1

launch_runs impl_1 -to_step write_bitstream -jobs 8
[Sun Jun 27 22:06:57 2021] Launched synth_1...
Run output will be captured here: C:/Users/yhszj/Desktop/FlappyBird/FlappyBird.runs/synth_1/runme.log
[Sun Jun 27 22:06:57 2021] Launched impl_1...
Run output will be captured here: C:/Users/yhszj/Desktop/FlappyBird/FlappyBird.runs/impl_1/runme.log
set_property PROBES.FILE {} [get_hw_devices xc7a35t_0]
set_property FULL_PROBES.FILE {} [get_hw_devices xc7a35t_0]
set_property PROGRAM.FILE {C:/Users/yhszj/Desktop/FlappyBird/FlappyBird.runs/impl_1/main.bit} [get_hw_devices xc7a35t_0]
program_hw_devices [get_hw_devices xc7a35t_0]
INFO: [Labtools 27-3164] End of startup status: HIGH
refresh_hw_device [lindex [get_hw_devices xc7a35t_0] 0]
INFO: [Labtools 27-1434] Device xc7a35t (JTAG device index = 0) is programmed with a design that has no supported debug core(s) in it.
reset_run synth_1
WARNING: [Vivado 12-1017] Problems encountered:
1. Failed to delete one or more files in run directory C:/Users/yhszj/Desktop/FlappyBird/FlappyBird.runs/synth_1

launch_runs impl_1 -to_step write_bitstream -jobs 8
[Sun Jun 27 22:11:55 2021] Launched synth_1...
Run output will be captured here: C:/Users/yhszj/Desktop/FlappyBird/FlappyBird.runs/synth_1/runme.log
[Sun Jun 27 22:11:55 2021] Launched impl_1...
Run output will be captured here: C:/Users/yhszj/Desktop/FlappyBird/FlappyBird.runs/impl_1/runme.log
set_property PROBES.FILE {} [get_hw_devices xc7a35t_0]
set_property FULL_PROBES.FILE {} [get_hw_devices xc7a35t_0]
set_property PROGRAM.FILE {C:/Users/yhszj/Desktop/FlappyBird/FlappyBird.runs/impl_1/main.bit} [get_hw_devices xc7a35t_0]
program_hw_devices [get_hw_devices xc7a35t_0]
INFO: [Labtools 27-3164] End of startup status: HIGH
refresh_hw_device [lindex [get_hw_devices xc7a35t_0] 0]
INFO: [Labtools 27-1434] Device xc7a35t (JTAG device index = 0) is programmed with a design that has no supported debug core(s) in it.
export_ip_user_files -of_objects  [get_files c:/Users/yhszj/Desktop/FlappyBird/FlappyBird.srcs/sources_1/ip/SpeedDownROM/SpeedDownROM.xci] -no_script -reset -force -quiet
remove_files  -fileset SpeedDownROM c:/Users/yhszj/Desktop/FlappyBird/FlappyBird.srcs/sources_1/ip/SpeedDownROM/SpeedDownROM.xci
INFO: [Project 1-386] Moving file 'c:/Users/yhszj/Desktop/FlappyBird/FlappyBird.srcs/sources_1/ip/SpeedDownROM/SpeedDownROM.xci' from fileset 'SpeedDownROM' to fileset 'sources_1'.
WARNING: [IP_Flow 19-4067] Ignoring invalid widget type specified checkbox.Providing a default widget
WARNING: [IP_Flow 19-4067] Ignoring invalid widget type specified checkbox.Providing a default widget
create_ip -name blk_mem_gen -vendor xilinx.com -library ip -version 8.4 -module_name SettingROM
set_property -dict [list CONFIG.Component_Name {SettingROM} CONFIG.Memory_Type {Single_Port_ROM} CONFIG.Write_Depth_A {57600} CONFIG.Enable_A {Always_Enabled} CONFIG.Port_A_Write_Rate {0}] [get_ips SettingROM]
WARNING: [Vivado 12-3523] Attempt to change 'Component_Name' from 'SettingROM' to 'SettingROM' is not allowed and is ignored.
generate_target {instantiation_template} [get_files c:/Users/yhszj/Desktop/FlappyBird/FlappyBird.srcs/sources_1/ip/SettingROM/SettingROM.xci]
INFO: [IP_Flow 19-1686] Generating 'Instantiation Template' target for IP 'SettingROM'...
update_compile_order -fileset sources_1
WARNING: [IP_Flow 19-4067] Ignoring invalid widget type specified checkbox.Providing a default widget
WARNING: [IP_Flow 19-4067] Ignoring invalid widget type specified checkbox.Providing a default widget
INFO: [IP_Flow 19-3484] Absolute path of file 'c:/Users/yhszj/Desktop/FlappyBird/FlappyBird.srcs/sources_1/ip/SettingROM/SettingROM.coe' provided. It will be converted relative to IP Instance files '../../../../FlappyBird.srcs/sources_1/ip/SettingROM/SettingROM.coe'
set_property -dict [list CONFIG.Load_Init_File {true} CONFIG.Coe_File {c:/Users/yhszj/Desktop/FlappyBird/FlappyBird.srcs/sources_1/ip/SettingROM/SettingROM.coe}] [get_ips SettingROM]
INFO: [IP_Flow 19-3484] Absolute path of file 'c:/Users/yhszj/Desktop/FlappyBird/FlappyBird.srcs/sources_1/ip/SettingROM/SettingROM.coe' provided. It will be converted relative to IP Instance files 'SettingROM.coe'
generate_target all [get_files  c:/Users/yhszj/Desktop/FlappyBird/FlappyBird.srcs/sources_1/ip/SettingROM/SettingROM.xci]
INFO: [IP_Flow 19-1686] Generating 'Instantiation Template' target for IP 'SettingROM'...
INFO: [IP_Flow 19-1686] Generating 'Synthesis' target for IP 'SettingROM'...
INFO: [IP_Flow 19-1686] Generating 'Simulation' target for IP 'SettingROM'...
INFO: [IP_Flow 19-1686] Generating 'Miscellaneous' target for IP 'SettingROM'...
INFO: [IP_Flow 19-1686] Generating 'Change Log' target for IP 'SettingROM'...
catch { config_ip_cache -export [get_ips -all SettingROM] }
export_ip_user_files -of_objects [get_files c:/Users/yhszj/Desktop/FlappyBird/FlappyBird.srcs/sources_1/ip/SettingROM/SettingROM.xci] -no_script -sync -force -quiet
create_ip_run [get_files -of_objects [get_fileset sources_1] c:/Users/yhszj/Desktop/FlappyBird/FlappyBird.srcs/sources_1/ip/SettingROM/SettingROM.xci]
launch_runs SettingROM_synth_1 -jobs 8
[Sun Jun 27 22:34:28 2021] Launched SettingROM_synth_1...
Run output will be captured here: C:/Users/yhszj/Desktop/FlappyBird/FlappyBird.runs/SettingROM_synth_1/runme.log
export_simulation -of_objects [get_files c:/Users/yhszj/Desktop/FlappyBird/FlappyBird.srcs/sources_1/ip/SettingROM/SettingROM.xci] -directory C:/Users/yhszj/Desktop/FlappyBird/FlappyBird.ip_user_files/sim_scripts -ip_user_files_dir C:/Users/yhszj/Desktop/FlappyBird/FlappyBird.ip_user_files -ipstatic_source_dir C:/Users/yhszj/Desktop/FlappyBird/FlappyBird.ip_user_files/ipstatic -lib_map_path [list {modelsim=C:/Users/yhszj/Desktop/FlappyBird/FlappyBird.cache/compile_simlib/modelsim} {questa=C:/Users/yhszj/Desktop/FlappyBird/FlappyBird.cache/compile_simlib/questa} {riviera=C:/Users/yhszj/Desktop/FlappyBird/FlappyBird.cache/compile_simlib/riviera} {activehdl=C:/Users/yhszj/Desktop/FlappyBird/FlappyBird.cache/compile_simlib/activehdl}] -use_ip_compiled_libs -force -quiet
WARNING: [IP_Flow 19-4067] Ignoring invalid widget type specified checkbox.Providing a default widget
WARNING: [IP_Flow 19-4067] Ignoring invalid widget type specified checkbox.Providing a default widget
reset_run synth_1
WARNING: [Vivado 12-1017] Problems encountered:
1. Failed to delete one or more files in run directory C:/Users/yhszj/Desktop/FlappyBird/FlappyBird.runs/synth_1

launch_runs impl_1 -to_step write_bitstream -jobs 8
[Sun Jun 27 22:39:36 2021] Launched synth_1...
Run output will be captured here: C:/Users/yhszj/Desktop/FlappyBird/FlappyBird.runs/synth_1/runme.log
[Sun Jun 27 22:39:37 2021] Launched impl_1...
Run output will be captured here: C:/Users/yhszj/Desktop/FlappyBird/FlappyBird.runs/impl_1/runme.log
reset_run synth_1
WARNING: [Vivado 12-1017] Problems encountered:
1. Failed to delete one or more files in run directory C:/Users/yhszj/Desktop/FlappyBird/FlappyBird.runs/synth_1

launch_runs impl_1 -to_step write_bitstream -jobs 8
[Sun Jun 27 22:40:20 2021] Launched synth_1...
Run output will be captured here: C:/Users/yhszj/Desktop/FlappyBird/FlappyBird.runs/synth_1/runme.log
[Sun Jun 27 22:40:20 2021] Launched impl_1...
Run output will be captured here: C:/Users/yhszj/Desktop/FlappyBird/FlappyBird.runs/impl_1/runme.log
exit
INFO: [Common 17-206] Exiting Vivado at Sun Jun 27 22:40:49 2021...
