#-----------------------------------------------------------
# Vivado v2020.2 (64-bit)
# SW Build 3064766 on Wed Nov 18 09:12:47 MST 2020
# IP Build 3064653 on Wed Nov 18 14:17:31 MST 2020
# Start of session at: Mon Jun 28 17:40:23 2021
# Process ID: 4001
# Current directory: /home/alexanderlake/Desktop/FlappyBird
# Command line: vivado /home/alexanderlake/Desktop/FlappyBird/FlappyBird.xpr
# Log file: /home/alexanderlake/Desktop/FlappyBird/vivado.log
# Journal file: /home/alexanderlake/Desktop/FlappyBird/vivado.jou
#-----------------------------------------------------------
start_gui
open_project /home/alexanderlake/Desktop/FlappyBird/FlappyBird.xpr
INFO: [Project 1-313] Project file moved from 'C:/Users/yhszj/Desktop/FlappyBird' since last save.
Scanning sources...
Finished scanning sources
INFO: [IP_Flow 19-234] Refreshing IP repositories
INFO: [IP_Flow 19-1704] No user IP repositories specified
INFO: [IP_Flow 19-2313] Loaded Vivado IP repository '/opt/Xilinx/Vivado/2020.2/data/ip'.
open_project: Time (s): cpu = 00:00:33 ; elapsed = 00:00:09 . Memory (MB): peak = 7335.090 ; gain = 94.086 ; free physical = 7280 ; free virtual = 13063
INFO: [IP_Flow 19-3899] Cannot get the environment domain name variable for the component vendor name. Setting the vendor name to 'user.org'.
update_compile_order -fileset sources_1
update_compile_order -fileset sources_1
update_compile_order -fileset sources_1
update_compile_order -fileset sources_1
reset_run synth_1
launch_runs impl_1 -to_step write_bitstream -jobs 8
INFO: [Vivado 12-4149] The synthesis checkpoint for IP '/home/alexanderlake/Desktop/FlappyBird/FlappyBird.srcs/sources_1/ip/HealthROM/HealthROM.xci' is already up-to-date
[Mon Jun 28 18:03:56 2021] Launched synth_1...
Run output will be captured here: /home/alexanderlake/Desktop/FlappyBird/FlappyBird.runs/synth_1/runme.log
[Mon Jun 28 18:03:56 2021] Launched impl_1...
Run output will be captured here: /home/alexanderlake/Desktop/FlappyBird/FlappyBird.runs/impl_1/runme.log
open_hw_manager
connect_hw_server -allow_non_jtag
INFO: [Labtools 27-2285] Connecting to hw_server url TCP:localhost:3121
INFO: [Labtools 27-2222] Launching hw_server...
INFO: [Labtools 27-2221] Launch Output:

****** Xilinx hw_server v2020.2
  **** Build date : Nov 18 2020 at 09:50:49
    ** Copyright 1986-2020 Xilinx, Inc. All Rights Reserved.


INFO: [Labtools 27-3415] Connecting to cs_server url TCP:localhost:3042
INFO: [Labtools 27-3417] Launching cs_server...
INFO: [Labtools 27-2221] Launch Output:


******** Xilinx cs_server v2020.2
  ****** Build date   : Nov 04 2020-05:02:56
    **** Build number : 2020.2.1604437376
      ** Copyright 2017-2020 Xilinx, Inc. All Rights Reserved.



open_hw_target
INFO: [Labtoolstcl 44-466] Opening hw_target localhost:3121/xilinx_tcf/Xilinx/1234-tulA
open_hw_target: Time (s): cpu = 00:00:06 ; elapsed = 00:00:06 . Memory (MB): peak = 8345.176 ; gain = 669.891 ; free physical = 2696 ; free virtual = 11218
set_property PROGRAM.FILE {/home/alexanderlake/Desktop/FlappyBird/FlappyBird.runs/impl_1/main.bit} [get_hw_devices xc7a35t_0]
current_hw_device [get_hw_devices xc7a35t_0]
refresh_hw_device -update_hw_probes false [lindex [get_hw_devices xc7a35t_0] 0]
INFO: [Labtools 27-1434] Device xc7a35t (JTAG device index = 0) is programmed with a design that has no supported debug core(s) in it.
set_property PROBES.FILE {} [get_hw_devices xc7a35t_0]
set_property FULL_PROBES.FILE {} [get_hw_devices xc7a35t_0]
set_property PROGRAM.FILE {/home/alexanderlake/Desktop/FlappyBird/FlappyBird.runs/impl_1/main.bit} [get_hw_devices xc7a35t_0]
program_hw_devices [get_hw_devices xc7a35t_0]
INFO: [Labtools 27-3164] End of startup status: HIGH
refresh_hw_device [lindex [get_hw_devices xc7a35t_0] 0]
INFO: [Labtools 27-1434] Device xc7a35t (JTAG device index = 0) is programmed with a design that has no supported debug core(s) in it.
reset_run synth_1
launch_runs impl_1 -to_step write_bitstream -jobs 8
INFO: [Vivado 12-4149] The synthesis checkpoint for IP '/home/alexanderlake/Desktop/FlappyBird/FlappyBird.srcs/sources_1/ip/HealthROM/HealthROM.xci' is already up-to-date
[Mon Jun 28 18:09:32 2021] Launched synth_1...
Run output will be captured here: /home/alexanderlake/Desktop/FlappyBird/FlappyBird.runs/synth_1/runme.log
[Mon Jun 28 18:09:33 2021] Launched impl_1...
Run output will be captured here: /home/alexanderlake/Desktop/FlappyBird/FlappyBird.runs/impl_1/runme.log
set_property PROBES.FILE {} [get_hw_devices xc7a35t_0]
set_property FULL_PROBES.FILE {} [get_hw_devices xc7a35t_0]
set_property PROGRAM.FILE {/home/alexanderlake/Desktop/FlappyBird/FlappyBird.runs/impl_1/main.bit} [get_hw_devices xc7a35t_0]
program_hw_devices [get_hw_devices xc7a35t_0]
INFO: [Labtools 27-3164] End of startup status: HIGH
refresh_hw_device [lindex [get_hw_devices xc7a35t_0] 0]
INFO: [Labtools 27-1434] Device xc7a35t (JTAG device index = 0) is programmed with a design that has no supported debug core(s) in it.
set_property PROBES.FILE {} [get_hw_devices xc7a35t_0]
set_property FULL_PROBES.FILE {} [get_hw_devices xc7a35t_0]
set_property PROGRAM.FILE {/home/alexanderlake/Desktop/FlappyBird/FlappyBird.runs/impl_1/main.bit} [get_hw_devices xc7a35t_0]
program_hw_devices [get_hw_devices xc7a35t_0]
INFO: [Labtools 27-3164] End of startup status: HIGH
refresh_hw_device [lindex [get_hw_devices xc7a35t_0] 0]
INFO: [Labtools 27-1434] Device xc7a35t (JTAG device index = 0) is programmed with a design that has no supported debug core(s) in it.
reset_run synth_1
launch_runs impl_1 -to_step write_bitstream -jobs 8
INFO: [Vivado 12-4149] The synthesis checkpoint for IP '/home/alexanderlake/Desktop/FlappyBird/FlappyBird.srcs/sources_1/ip/HealthROM/HealthROM.xci' is already up-to-date
[Mon Jun 28 20:26:43 2021] Launched synth_1...
Run output will be captured here: /home/alexanderlake/Desktop/FlappyBird/FlappyBird.runs/synth_1/runme.log
[Mon Jun 28 20:26:43 2021] Launched impl_1...
Run output will be captured here: /home/alexanderlake/Desktop/FlappyBird/FlappyBird.runs/impl_1/runme.log
ERROR: [Labtoolstcl 44-513] HW Target shutdown. Closing target: localhost:3121/xilinx_tcf/Xilinx/1234-tulA
reset_run synth_1
launch_runs impl_1 -to_step write_bitstream -jobs 8
INFO: [Vivado 12-4149] The synthesis checkpoint for IP '/home/alexanderlake/Desktop/FlappyBird/FlappyBird.srcs/sources_1/ip/HealthROM/HealthROM.xci' is already up-to-date
[Mon Jun 28 20:28:38 2021] Launched synth_1...
Run output will be captured here: /home/alexanderlake/Desktop/FlappyBird/FlappyBird.runs/synth_1/runme.log
[Mon Jun 28 20:28:38 2021] Launched impl_1...
Run output will be captured here: /home/alexanderlake/Desktop/FlappyBird/FlappyBird.runs/impl_1/runme.log
reset_run synth_1
launch_runs impl_1 -to_step write_bitstream -jobs 8
INFO: [Vivado 12-4149] The synthesis checkpoint for IP '/home/alexanderlake/Desktop/FlappyBird/FlappyBird.srcs/sources_1/ip/HealthROM/HealthROM.xci' is already up-to-date
[Mon Jun 28 20:50:45 2021] Launched synth_1...
Run output will be captured here: /home/alexanderlake/Desktop/FlappyBird/FlappyBird.runs/synth_1/runme.log
[Mon Jun 28 20:50:45 2021] Launched impl_1...
Run output will be captured here: /home/alexanderlake/Desktop/FlappyBird/FlappyBird.runs/impl_1/runme.log
INFO: [Labtoolstcl 44-466] Opening hw_target localhost:3121/xilinx_tcf/Xilinx/1234-tulA
INFO: [Labtools 27-1435] Device xc7a35t (JTAG device index = 0) is not programmed (DONE status = 0).
WARNING: [Labtoolstcl 44-129] No matching hw_ila_data was found.
set_property PROBES.FILE {} [get_hw_devices xc7a35t_0]
set_property FULL_PROBES.FILE {} [get_hw_devices xc7a35t_0]
set_property PROGRAM.FILE {/home/alexanderlake/Desktop/FlappyBird/FlappyBird.runs/impl_1/main.bit} [get_hw_devices xc7a35t_0]
program_hw_devices [get_hw_devices xc7a35t_0]
INFO: [Labtools 27-3164] End of startup status: HIGH
refresh_hw_device [lindex [get_hw_devices xc7a35t_0] 0]
INFO: [Labtools 27-1434] Device xc7a35t (JTAG device index = 0) is programmed with a design that has no supported debug core(s) in it.
set_property PROBES.FILE {} [get_hw_devices xc7a35t_0]
set_property FULL_PROBES.FILE {} [get_hw_devices xc7a35t_0]
set_property PROGRAM.FILE {/home/alexanderlake/Desktop/FlappyBird/FlappyBird.runs/impl_1/main.bit} [get_hw_devices xc7a35t_0]
program_hw_devices [get_hw_devices xc7a35t_0]
INFO: [Labtools 27-3164] End of startup status: HIGH
refresh_hw_device [lindex [get_hw_devices xc7a35t_0] 0]
INFO: [Labtools 27-1434] Device xc7a35t (JTAG device index = 0) is programmed with a design that has no supported debug core(s) in it.
reset_run synth_1
launch_runs impl_1 -to_step write_bitstream -jobs 8
INFO: [Vivado 12-4149] The synthesis checkpoint for IP '/home/alexanderlake/Desktop/FlappyBird/FlappyBird.srcs/sources_1/ip/HealthROM/HealthROM.xci' is already up-to-date
[Mon Jun 28 20:56:37 2021] Launched synth_1...
Run output will be captured here: /home/alexanderlake/Desktop/FlappyBird/FlappyBird.runs/synth_1/runme.log
[Mon Jun 28 20:56:37 2021] Launched impl_1...
Run output will be captured here: /home/alexanderlake/Desktop/FlappyBird/FlappyBird.runs/impl_1/runme.log
set_property PROBES.FILE {} [get_hw_devices xc7a35t_0]
set_property FULL_PROBES.FILE {} [get_hw_devices xc7a35t_0]
set_property PROGRAM.FILE {/home/alexanderlake/Desktop/FlappyBird/FlappyBird.runs/impl_1/main.bit} [get_hw_devices xc7a35t_0]
program_hw_devices [get_hw_devices xc7a35t_0]
INFO: [Labtools 27-3164] End of startup status: HIGH
refresh_hw_device [lindex [get_hw_devices xc7a35t_0] 0]
INFO: [Labtools 27-1434] Device xc7a35t (JTAG device index = 0) is programmed with a design that has no supported debug core(s) in it.
reset_run synth_1
launch_runs impl_1 -to_step write_bitstream -jobs 8
INFO: [Vivado 12-4149] The synthesis checkpoint for IP '/home/alexanderlake/Desktop/FlappyBird/FlappyBird.srcs/sources_1/ip/HealthROM/HealthROM.xci' is already up-to-date
[Mon Jun 28 21:18:07 2021] Launched synth_1...
Run output will be captured here: /home/alexanderlake/Desktop/FlappyBird/FlappyBird.runs/synth_1/runme.log
[Mon Jun 28 21:18:07 2021] Launched impl_1...
Run output will be captured here: /home/alexanderlake/Desktop/FlappyBird/FlappyBird.runs/impl_1/runme.log
set_property PROBES.FILE {} [get_hw_devices xc7a35t_0]
set_property FULL_PROBES.FILE {} [get_hw_devices xc7a35t_0]
set_property PROGRAM.FILE {/home/alexanderlake/Desktop/FlappyBird/FlappyBird.runs/impl_1/main.bit} [get_hw_devices xc7a35t_0]
program_hw_devices [get_hw_devices xc7a35t_0]
INFO: [Labtools 27-3164] End of startup status: HIGH
refresh_hw_device [lindex [get_hw_devices xc7a35t_0] 0]
INFO: [Labtools 27-1434] Device xc7a35t (JTAG device index = 0) is programmed with a design that has no supported debug core(s) in it.
reset_run synth_1
launch_runs impl_1 -to_step write_bitstream -jobs 8
INFO: [Vivado 12-4149] The synthesis checkpoint for IP '/home/alexanderlake/Desktop/FlappyBird/FlappyBird.srcs/sources_1/ip/HealthROM/HealthROM.xci' is already up-to-date
[Mon Jun 28 21:31:16 2021] Launched synth_1...
Run output will be captured here: /home/alexanderlake/Desktop/FlappyBird/FlappyBird.runs/synth_1/runme.log
[Mon Jun 28 21:31:16 2021] Launched impl_1...
Run output will be captured here: /home/alexanderlake/Desktop/FlappyBird/FlappyBird.runs/impl_1/runme.log
set_property PROBES.FILE {} [get_hw_devices xc7a35t_0]
set_property FULL_PROBES.FILE {} [get_hw_devices xc7a35t_0]
set_property PROGRAM.FILE {/home/alexanderlake/Desktop/FlappyBird/FlappyBird.runs/impl_1/main.bit} [get_hw_devices xc7a35t_0]
program_hw_devices [get_hw_devices xc7a35t_0]
INFO: [Labtools 27-3164] End of startup status: HIGH
refresh_hw_device [lindex [get_hw_devices xc7a35t_0] 0]
INFO: [Labtools 27-1434] Device xc7a35t (JTAG device index = 0) is programmed with a design that has no supported debug core(s) in it.
exit
INFO: [Common 17-206] Exiting Vivado at Mon Jun 28 21:40:37 2021...
