
*** Running vivado
    with args -log BirdROM.vds -m64 -product Vivado -mode batch -messageDb vivado.pb -notrace -source BirdROM.tcl


****** Vivado v2020.2 (64-bit)
  **** SW Build 3064766 on Wed Nov 18 09:12:47 MST 2020
  **** IP Build 3064653 on Wed Nov 18 14:17:31 MST 2020
    ** Copyright 1986-2020 Xilinx, Inc. All Rights Reserved.

source BirdROM.tcl -notrace
Command: synth_design -top BirdROM -part xc7a35tcsg324-1 -mode out_of_context
Starting synth_design
Attempting to get a license for feature 'Synthesis' and/or device 'xc7a35t'
INFO: [Common 17-349] Got license for feature 'Synthesis' and/or device 'xc7a35t'
INFO: [Device 21-403] Loading part xc7a35tcsg324-1
INFO: [Synth 8-7079] Multithreading enabled for synth_design using a maximum of 4 processes.
INFO: [Synth 8-7078] Launching helper process for spawning children vivado processes
INFO: [Synth 8-7075] Helper process launched with PID 128501
---------------------------------------------------------------------------------
Starting RTL Elaboration : Time (s): cpu = 00:00:04 ; elapsed = 00:00:04 . Memory (MB): peak = 2306.828 ; gain = 0.000 ; free physical = 3988 ; free virtual = 8667
---------------------------------------------------------------------------------
INFO: [Synth 8-638] synthesizing module 'BirdROM' [/home/alexanderlake/FPGA/FlappyBird/FlappyBird.gen/sources_1/ip/BirdROM/synth/BirdROM.vhd:66]
	Parameter C_FAMILY bound to: artix7 - type: string 
	Parameter C_ADDR_WIDTH bound to: 15 - type: integer 
	Parameter C_DEFAULT_DATA bound to: 0 - type: string 
	Parameter C_DEPTH bound to: 20736 - type: integer 
	Parameter C_HAS_CLK bound to: 0 - type: integer 
	Parameter C_HAS_D bound to: 0 - type: integer 
	Parameter C_HAS_DPO bound to: 0 - type: integer 
	Parameter C_HAS_DPRA bound to: 0 - type: integer 
	Parameter C_HAS_I_CE bound to: 0 - type: integer 
	Parameter C_HAS_QDPO bound to: 0 - type: integer 
	Parameter C_HAS_QDPO_CE bound to: 0 - type: integer 
	Parameter C_HAS_QDPO_CLK bound to: 0 - type: integer 
	Parameter C_HAS_QDPO_RST bound to: 0 - type: integer 
	Parameter C_HAS_QDPO_SRST bound to: 0 - type: integer 
	Parameter C_HAS_QSPO bound to: 0 - type: integer 
	Parameter C_HAS_QSPO_CE bound to: 0 - type: integer 
	Parameter C_HAS_QSPO_RST bound to: 0 - type: integer 
	Parameter C_HAS_QSPO_SRST bound to: 0 - type: integer 
	Parameter C_HAS_SPO bound to: 1 - type: integer 
	Parameter C_HAS_WE bound to: 0 - type: integer 
	Parameter C_MEM_INIT_FILE bound to: BirdROM.mif - type: string 
	Parameter C_ELABORATION_DIR bound to: ./ - type: string 
	Parameter C_MEM_TYPE bound to: 0 - type: integer 
	Parameter C_PIPELINE_STAGES bound to: 0 - type: integer 
	Parameter C_QCE_JOINED bound to: 0 - type: integer 
	Parameter C_QUALIFY_WE bound to: 0 - type: integer 
	Parameter C_READ_MIF bound to: 1 - type: integer 
	Parameter C_REG_A_D_INPUTS bound to: 0 - type: integer 
	Parameter C_REG_DPRA_INPUT bound to: 0 - type: integer 
	Parameter C_SYNC_ENABLE bound to: 1 - type: integer 
	Parameter C_WIDTH bound to: 16 - type: integer 
	Parameter C_PARSER_TYPE bound to: 1 - type: integer 
INFO: [Synth 8-3491] module 'dist_mem_gen_v8_0_13' declared at '/home/alexanderlake/FPGA/FlappyBird/FlappyBird.gen/sources_1/ip/BirdROM/hdl/dist_mem_gen_v8_0_vhsyn_rfs.vhd:3237' bound to instance 'U0' of component 'dist_mem_gen_v8_0_13' [/home/alexanderlake/FPGA/FlappyBird/FlappyBird.gen/sources_1/ip/BirdROM/synth/BirdROM.vhd:132]
INFO: [Synth 8-256] done synthesizing module 'BirdROM' (4#1) [/home/alexanderlake/FPGA/FlappyBird/FlappyBird.gen/sources_1/ip/BirdROM/synth/BirdROM.vhd:66]
---------------------------------------------------------------------------------
Finished RTL Elaboration : Time (s): cpu = 00:02:40 ; elapsed = 00:02:42 . Memory (MB): peak = 3009.008 ; gain = 702.180 ; free physical = 4404 ; free virtual = 9086
---------------------------------------------------------------------------------
---------------------------------------------------------------------------------
Start Handling Custom Attributes
---------------------------------------------------------------------------------
---------------------------------------------------------------------------------
Finished Handling Custom Attributes : Time (s): cpu = 00:02:41 ; elapsed = 00:02:43 . Memory (MB): peak = 3009.008 ; gain = 702.180 ; free physical = 4406 ; free virtual = 9087
---------------------------------------------------------------------------------
---------------------------------------------------------------------------------
Finished RTL Optimization Phase 1 : Time (s): cpu = 00:02:41 ; elapsed = 00:02:43 . Memory (MB): peak = 3009.008 ; gain = 702.180 ; free physical = 4406 ; free virtual = 9087
---------------------------------------------------------------------------------
Netlist sorting complete. Time (s): cpu = 00:00:00 ; elapsed = 00:00:00.01 . Memory (MB): peak = 3009.008 ; gain = 0.000 ; free physical = 4397 ; free virtual = 9079
INFO: [Project 1-570] Preparing netlist for logic optimization

Processing XDC Constraints
Initializing timing engine
Parsing XDC File [/home/alexanderlake/FPGA/FlappyBird/FlappyBird.gen/sources_1/ip/BirdROM/BirdROM_ooc.xdc] for cell 'U0'
Finished Parsing XDC File [/home/alexanderlake/FPGA/FlappyBird/FlappyBird.gen/sources_1/ip/BirdROM/BirdROM_ooc.xdc] for cell 'U0'
Parsing XDC File [/home/alexanderlake/FPGA/FlappyBird/FlappyBird.runs/BirdROM_synth_1/dont_touch.xdc]
Finished Parsing XDC File [/home/alexanderlake/FPGA/FlappyBird/FlappyBird.runs/BirdROM_synth_1/dont_touch.xdc]
Completed Processing XDC Constraints

Netlist sorting complete. Time (s): cpu = 00:00:00 ; elapsed = 00:00:00 . Memory (MB): peak = 3073.039 ; gain = 0.000 ; free physical = 4319 ; free virtual = 9000
INFO: [Project 1-111] Unisim Transformation Summary:
No Unisim elements were transformed.

Constraint Validation Runtime : Time (s): cpu = 00:00:00.02 ; elapsed = 00:00:00.03 . Memory (MB): peak = 3073.039 ; gain = 0.000 ; free physical = 4320 ; free virtual = 9001
---------------------------------------------------------------------------------
Finished Constraint Validation : Time (s): cpu = 00:02:46 ; elapsed = 00:02:48 . Memory (MB): peak = 3073.039 ; gain = 766.211 ; free physical = 4393 ; free virtual = 9074
---------------------------------------------------------------------------------
---------------------------------------------------------------------------------
Start Loading Part and Timing Information
---------------------------------------------------------------------------------
Loading part: xc7a35tcsg324-1
---------------------------------------------------------------------------------
Finished Loading Part and Timing Information : Time (s): cpu = 00:02:46 ; elapsed = 00:02:48 . Memory (MB): peak = 3073.039 ; gain = 766.211 ; free physical = 4393 ; free virtual = 9074
---------------------------------------------------------------------------------
---------------------------------------------------------------------------------
Start Applying 'set_property' XDC Constraints
---------------------------------------------------------------------------------
Applied set_property KEEP_HIERARCHY = SOFT for U0. (constraint file  /home/alexanderlake/FPGA/FlappyBird/FlappyBird.runs/BirdROM_synth_1/dont_touch.xdc, line 9).
---------------------------------------------------------------------------------
Finished applying 'set_property' XDC Constraints : Time (s): cpu = 00:02:46 ; elapsed = 00:02:48 . Memory (MB): peak = 3073.039 ; gain = 766.211 ; free physical = 4393 ; free virtual = 9074
---------------------------------------------------------------------------------
---------------------------------------------------------------------------------
Finished RTL Optimization Phase 2 : Time (s): cpu = 00:03:27 ; elapsed = 00:03:30 . Memory (MB): peak = 3073.039 ; gain = 766.211 ; free physical = 3905 ; free virtual = 8969
---------------------------------------------------------------------------------
---------------------------------------------------------------------------------
Start RTL Component Statistics 
---------------------------------------------------------------------------------
Detailed RTL Component Info : 
---------------------------------------------------------------------------------
Finished RTL Component Statistics 
---------------------------------------------------------------------------------
---------------------------------------------------------------------------------
Start Part Resource Summary
---------------------------------------------------------------------------------
Part Resources:
DSPs: 90 (col length:60)
BRAMs: 100 (col length: RAMB18 60 RAMB36 30)
---------------------------------------------------------------------------------
Finished Part Resource Summary
---------------------------------------------------------------------------------
---------------------------------------------------------------------------------
Start Cross Boundary and Area Optimization
---------------------------------------------------------------------------------
---------------------------------------------------------------------------------
Finished Cross Boundary and Area Optimization : Time (s): cpu = 00:04:11 ; elapsed = 00:04:14 . Memory (MB): peak = 3073.039 ; gain = 766.211 ; free physical = 4031 ; free virtual = 9031
---------------------------------------------------------------------------------
---------------------------------------------------------------------------------
Start ROM, RAM, DSP, Shift Register and Retiming Reporting
---------------------------------------------------------------------------------

ROM: Preliminary Mapping	Report
+------------+------------+---------------+----------------+
|Module Name | RTL Object | Depth x Width | Implemented As | 
+------------+------------+---------------+----------------+
|rom         | rom[20735] | 32768x13      | LUT            | 
+------------+------------+---------------+----------------+

---------------------------------------------------------------------------------
Finished ROM, RAM, DSP, Shift Register and Retiming Reporting
---------------------------------------------------------------------------------
---------------------------------------------------------------------------------
Start Applying XDC Timing Constraints
---------------------------------------------------------------------------------
---------------------------------------------------------------------------------
Finished Applying XDC Timing Constraints : Time (s): cpu = 00:04:16 ; elapsed = 00:04:19 . Memory (MB): peak = 3073.039 ; gain = 766.211 ; free physical = 3918 ; free virtual = 8917
---------------------------------------------------------------------------------
---------------------------------------------------------------------------------
Start Timing Optimization
---------------------------------------------------------------------------------
---------------------------------------------------------------------------------
Finished Timing Optimization : Time (s): cpu = 00:04:16 ; elapsed = 00:04:20 . Memory (MB): peak = 3073.039 ; gain = 766.211 ; free physical = 3918 ; free virtual = 8917
---------------------------------------------------------------------------------
---------------------------------------------------------------------------------
Start Technology Mapping
---------------------------------------------------------------------------------
---------------------------------------------------------------------------------
Finished Technology Mapping : Time (s): cpu = 00:04:17 ; elapsed = 00:04:20 . Memory (MB): peak = 3073.039 ; gain = 766.211 ; free physical = 3917 ; free virtual = 8917
---------------------------------------------------------------------------------
---------------------------------------------------------------------------------
Start IO Insertion
---------------------------------------------------------------------------------
---------------------------------------------------------------------------------
Start Flattening Before IO Insertion
---------------------------------------------------------------------------------
---------------------------------------------------------------------------------
Finished Flattening Before IO Insertion
---------------------------------------------------------------------------------
---------------------------------------------------------------------------------
Start Final Netlist Cleanup
---------------------------------------------------------------------------------
---------------------------------------------------------------------------------
Finished Final Netlist Cleanup
---------------------------------------------------------------------------------
---------------------------------------------------------------------------------
Finished IO Insertion : Time (s): cpu = 00:04:19 ; elapsed = 00:04:23 . Memory (MB): peak = 3073.039 ; gain = 766.211 ; free physical = 3917 ; free virtual = 8917
---------------------------------------------------------------------------------
---------------------------------------------------------------------------------
Start Renaming Generated Instances
---------------------------------------------------------------------------------
---------------------------------------------------------------------------------
Finished Renaming Generated Instances : Time (s): cpu = 00:04:19 ; elapsed = 00:04:23 . Memory (MB): peak = 3073.039 ; gain = 766.211 ; free physical = 3917 ; free virtual = 8917
---------------------------------------------------------------------------------
---------------------------------------------------------------------------------
Start Rebuilding User Hierarchy
---------------------------------------------------------------------------------
---------------------------------------------------------------------------------
Finished Rebuilding User Hierarchy : Time (s): cpu = 00:04:19 ; elapsed = 00:04:23 . Memory (MB): peak = 3073.039 ; gain = 766.211 ; free physical = 3917 ; free virtual = 8917
---------------------------------------------------------------------------------
---------------------------------------------------------------------------------
Start Renaming Generated Ports
---------------------------------------------------------------------------------
---------------------------------------------------------------------------------
Finished Renaming Generated Ports : Time (s): cpu = 00:04:19 ; elapsed = 00:04:23 . Memory (MB): peak = 3073.039 ; gain = 766.211 ; free physical = 3917 ; free virtual = 8917
---------------------------------------------------------------------------------
---------------------------------------------------------------------------------
Start Handling Custom Attributes
---------------------------------------------------------------------------------
---------------------------------------------------------------------------------
Finished Handling Custom Attributes : Time (s): cpu = 00:04:20 ; elapsed = 00:04:23 . Memory (MB): peak = 3073.039 ; gain = 766.211 ; free physical = 3917 ; free virtual = 8917
---------------------------------------------------------------------------------
---------------------------------------------------------------------------------
Start Renaming Generated Nets
---------------------------------------------------------------------------------
---------------------------------------------------------------------------------
Finished Renaming Generated Nets : Time (s): cpu = 00:04:20 ; elapsed = 00:04:23 . Memory (MB): peak = 3073.039 ; gain = 766.211 ; free physical = 3917 ; free virtual = 8917
---------------------------------------------------------------------------------
---------------------------------------------------------------------------------
Start Writing Synthesis Report
---------------------------------------------------------------------------------

Report BlackBoxes: 
+-+--------------+----------+
| |BlackBox name |Instances |
+-+--------------+----------+
+-+--------------+----------+

Report Cell Usage: 
+------+------+------+
|      |Cell  |Count |
+------+------+------+
|1     |LUT2  |     1|
|2     |LUT3  |    12|
|3     |LUT4  |    55|
|4     |LUT5  |   201|
|5     |LUT6  |   479|
|6     |MUXF7 |    72|
|7     |MUXF8 |    24|
+------+------+------+
---------------------------------------------------------------------------------
Finished Writing Synthesis Report : Time (s): cpu = 00:04:20 ; elapsed = 00:04:23 . Memory (MB): peak = 3073.039 ; gain = 766.211 ; free physical = 3917 ; free virtual = 8917
---------------------------------------------------------------------------------
Synthesis finished with 0 errors, 0 critical warnings and 0 warnings.
Synthesis Optimization Runtime : Time (s): cpu = 00:04:18 ; elapsed = 00:04:21 . Memory (MB): peak = 3073.039 ; gain = 702.180 ; free physical = 3968 ; free virtual = 8967
Synthesis Optimization Complete : Time (s): cpu = 00:04:20 ; elapsed = 00:04:23 . Memory (MB): peak = 3073.039 ; gain = 766.211 ; free physical = 3968 ; free virtual = 8967
INFO: [Project 1-571] Translating synthesized netlist
Netlist sorting complete. Time (s): cpu = 00:00:00 ; elapsed = 00:00:00 . Memory (MB): peak = 3073.039 ; gain = 0.000 ; free physical = 4052 ; free virtual = 9052
INFO: [Netlist 29-17] Analyzing 96 Unisim elements for replacement
INFO: [Netlist 29-28] Unisim Transformation completed in 0 CPU seconds
INFO: [Project 1-570] Preparing netlist for logic optimization
INFO: [Opt 31-138] Pushed 0 inverter(s) to 0 load pin(s).
Netlist sorting complete. Time (s): cpu = 00:00:00 ; elapsed = 00:00:00 . Memory (MB): peak = 3073.039 ; gain = 0.000 ; free physical = 4002 ; free virtual = 9001
INFO: [Project 1-111] Unisim Transformation Summary:
No Unisim elements were transformed.

INFO: [Common 17-83] Releasing license: Synthesis
17 Infos, 0 Warnings, 0 Critical Warnings and 0 Errors encountered.
synth_design completed successfully
synth_design: Time (s): cpu = 00:04:28 ; elapsed = 00:04:27 . Memory (MB): peak = 3073.039 ; gain = 766.430 ; free physical = 4148 ; free virtual = 9147
INFO: [Common 17-1381] The checkpoint '/home/alexanderlake/FPGA/FlappyBird/FlappyBird.runs/BirdROM_synth_1/BirdROM.dcp' has been generated.
WARNING: [Common 17-576] 'use_project_ipc' is deprecated. This option is deprecated and no longer used.
INFO: [Coretcl 2-1648] Added synthesis output to IP cache for IP BirdROM, cache-ID = 8bcb725f1ddeb7e2
INFO: [Coretcl 2-1174] Renamed 3 cell refs.
INFO: [Common 17-1381] The checkpoint '/home/alexanderlake/FPGA/FlappyBird/FlappyBird.runs/BirdROM_synth_1/BirdROM.dcp' has been generated.
INFO: [runtcl-4] Executing : report_utilization -file BirdROM_utilization_synth.rpt -pb BirdROM_utilization_synth.pb
INFO: [Common 17-206] Exiting Vivado at Thu Jun  3 14:36:14 2021...
