
*** Running vivado
    with args -log BackgroundROMNight.vds -m64 -product Vivado -mode batch -messageDb vivado.pb -notrace -source BackgroundROMNight.tcl


****** Vivado v2020.2 (64-bit)
  **** SW Build 3064766 on Wed Nov 18 09:12:47 MST 2020
  **** IP Build 3064653 on Wed Nov 18 14:17:31 MST 2020
    ** Copyright 1986-2020 Xilinx, Inc. All Rights Reserved.

source BackgroundROMNight.tcl -notrace
Command: synth_design -top BackgroundROMNight -part xc7a35tcsg324-1 -mode out_of_context
Starting synth_design
Attempting to get a license for feature 'Synthesis' and/or device 'xc7a35t'
INFO: [Common 17-349] Got license for feature 'Synthesis' and/or device 'xc7a35t'
INFO: [Device 21-403] Loading part xc7a35tcsg324-1
INFO: [Synth 8-7079] Multithreading enabled for synth_design using a maximum of 4 processes.
INFO: [Synth 8-7078] Launching helper process for spawning children vivado processes
INFO: [Synth 8-7075] Helper process launched with PID 2519
---------------------------------------------------------------------------------
Starting RTL Elaboration : Time (s): cpu = 00:00:03 ; elapsed = 00:00:04 . Memory (MB): peak = 2301.828 ; gain = 0.000 ; free physical = 8890 ; free virtual = 11986
---------------------------------------------------------------------------------
INFO: [Synth 8-638] synthesizing module 'BackgroundROMNight' [/home/alexanderlake/Desktop/FlappyBird/FlappyBird.gen/sources_1/ip/BackgroundROMNight/synth/BackgroundROMNight.vhd:66]
	Parameter C_FAMILY bound to: artix7 - type: string 
	Parameter C_ADDR_WIDTH bound to: 16 - type: integer 
	Parameter C_DEFAULT_DATA bound to: 0 - type: string 
	Parameter C_DEPTH bound to: 64000 - type: integer 
	Parameter C_HAS_CLK bound to: 0 - type: integer 
	Parameter C_HAS_D bound to: 0 - type: integer 
	Parameter C_HAS_DPO bound to: 0 - type: integer 
	Parameter C_HAS_DPRA bound to: 0 - type: integer 
	Parameter C_HAS_I_CE bound to: 0 - type: integer 
	Parameter C_HAS_QDPO bound to: 0 - type: integer 
	Parameter C_HAS_QDPO_CE bound to: 0 - type: integer 
	Parameter C_HAS_QDPO_CLK bound to: 0 - type: integer 
	Parameter C_HAS_QDPO_RST bound to: 0 - type: integer 
	Parameter C_HAS_QDPO_SRST bound to: 0 - type: integer 
	Parameter C_HAS_QSPO bound to: 0 - type: integer 
	Parameter C_HAS_QSPO_CE bound to: 0 - type: integer 
	Parameter C_HAS_QSPO_RST bound to: 0 - type: integer 
	Parameter C_HAS_QSPO_SRST bound to: 0 - type: integer 
	Parameter C_HAS_SPO bound to: 1 - type: integer 
	Parameter C_HAS_WE bound to: 0 - type: integer 
	Parameter C_MEM_INIT_FILE bound to: BackgroundROMNight.mif - type: string 
	Parameter C_ELABORATION_DIR bound to: ./ - type: string 
	Parameter C_MEM_TYPE bound to: 0 - type: integer 
	Parameter C_PIPELINE_STAGES bound to: 0 - type: integer 
	Parameter C_QCE_JOINED bound to: 0 - type: integer 
	Parameter C_QUALIFY_WE bound to: 0 - type: integer 
	Parameter C_READ_MIF bound to: 1 - type: integer 
	Parameter C_REG_A_D_INPUTS bound to: 0 - type: integer 
	Parameter C_REG_DPRA_INPUT bound to: 0 - type: integer 
	Parameter C_SYNC_ENABLE bound to: 1 - type: integer 
	Parameter C_WIDTH bound to: 16 - type: integer 
	Parameter C_PARSER_TYPE bound to: 1 - type: integer 
INFO: [Synth 8-3491] module 'dist_mem_gen_v8_0_13' declared at '/home/alexanderlake/Desktop/FlappyBird/FlappyBird.gen/sources_1/ip/BackgroundROMNight/hdl/dist_mem_gen_v8_0_vhsyn_rfs.vhd:3237' bound to instance 'U0' of component 'dist_mem_gen_v8_0_13' [/home/alexanderlake/Desktop/FlappyBird/FlappyBird.gen/sources_1/ip/BackgroundROMNight/synth/BackgroundROMNight.vhd:132]
INFO: [Synth 8-256] done synthesizing module 'BackgroundROMNight' (4#1) [/home/alexanderlake/Desktop/FlappyBird/FlappyBird.gen/sources_1/ip/BackgroundROMNight/synth/BackgroundROMNight.vhd:66]
---------------------------------------------------------------------------------
Finished RTL Elaboration : Time (s): cpu = 00:16:07 ; elapsed = 00:21:18 . Memory (MB): peak = 4860.062 ; gain = 2558.234 ; free physical = 7928 ; free virtual = 11454
---------------------------------------------------------------------------------
---------------------------------------------------------------------------------
Start Handling Custom Attributes
---------------------------------------------------------------------------------
---------------------------------------------------------------------------------
Finished Handling Custom Attributes : Time (s): cpu = 00:16:08 ; elapsed = 00:21:19 . Memory (MB): peak = 4860.062 ; gain = 2558.234 ; free physical = 7948 ; free virtual = 11476
---------------------------------------------------------------------------------
---------------------------------------------------------------------------------
Finished RTL Optimization Phase 1 : Time (s): cpu = 00:16:08 ; elapsed = 00:21:19 . Memory (MB): peak = 4860.062 ; gain = 2558.234 ; free physical = 7948 ; free virtual = 11476
---------------------------------------------------------------------------------
Netlist sorting complete. Time (s): cpu = 00:00:00 ; elapsed = 00:00:00 . Memory (MB): peak = 4860.062 ; gain = 0.000 ; free physical = 7937 ; free virtual = 11465
INFO: [Project 1-570] Preparing netlist for logic optimization

Processing XDC Constraints
Initializing timing engine
Parsing XDC File [/home/alexanderlake/Desktop/FlappyBird/FlappyBird.gen/sources_1/ip/BackgroundROMNight/BackgroundROMNight_ooc.xdc] for cell 'U0'
Finished Parsing XDC File [/home/alexanderlake/Desktop/FlappyBird/FlappyBird.gen/sources_1/ip/BackgroundROMNight/BackgroundROMNight_ooc.xdc] for cell 'U0'
Parsing XDC File [/home/alexanderlake/Desktop/FlappyBird/FlappyBird.runs/BackgroundROMNight_synth_1/dont_touch.xdc]
Finished Parsing XDC File [/home/alexanderlake/Desktop/FlappyBird/FlappyBird.runs/BackgroundROMNight_synth_1/dont_touch.xdc]
Completed Processing XDC Constraints

Netlist sorting complete. Time (s): cpu = 00:00:00 ; elapsed = 00:00:00 . Memory (MB): peak = 4924.094 ; gain = 0.000 ; free physical = 7849 ; free virtual = 11387
INFO: [Project 1-111] Unisim Transformation Summary:
No Unisim elements were transformed.

Constraint Validation Runtime : Time (s): cpu = 00:00:00.01 ; elapsed = 00:00:00.02 . Memory (MB): peak = 4924.094 ; gain = 0.000 ; free physical = 7849 ; free virtual = 11388
---------------------------------------------------------------------------------
Finished Constraint Validation : Time (s): cpu = 00:16:13 ; elapsed = 00:21:25 . Memory (MB): peak = 4924.094 ; gain = 2622.266 ; free physical = 7922 ; free virtual = 11461
---------------------------------------------------------------------------------
---------------------------------------------------------------------------------
Start Loading Part and Timing Information
---------------------------------------------------------------------------------
Loading part: xc7a35tcsg324-1
---------------------------------------------------------------------------------
Finished Loading Part and Timing Information : Time (s): cpu = 00:16:13 ; elapsed = 00:21:25 . Memory (MB): peak = 4924.094 ; gain = 2622.266 ; free physical = 7922 ; free virtual = 11461
---------------------------------------------------------------------------------
---------------------------------------------------------------------------------
Start Applying 'set_property' XDC Constraints
---------------------------------------------------------------------------------
Applied set_property KEEP_HIERARCHY = SOFT for U0. (constraint file  /home/alexanderlake/Desktop/FlappyBird/FlappyBird.runs/BackgroundROMNight_synth_1/dont_touch.xdc, line 9).
---------------------------------------------------------------------------------
Finished applying 'set_property' XDC Constraints : Time (s): cpu = 00:16:13 ; elapsed = 00:21:25 . Memory (MB): peak = 4924.094 ; gain = 2622.266 ; free physical = 7923 ; free virtual = 11461
---------------------------------------------------------------------------------
---------------------------------------------------------------------------------
Finished RTL Optimization Phase 2 : Time (s): cpu = 00:23:16 ; elapsed = 00:28:34 . Memory (MB): peak = 4924.094 ; gain = 2622.266 ; free physical = 8443 ; free virtual = 11781
---------------------------------------------------------------------------------
---------------------------------------------------------------------------------
Start RTL Component Statistics 
---------------------------------------------------------------------------------
Detailed RTL Component Info : 
---------------------------------------------------------------------------------
Finished RTL Component Statistics 
---------------------------------------------------------------------------------
---------------------------------------------------------------------------------
Start Part Resource Summary
---------------------------------------------------------------------------------
Part Resources:
DSPs: 90 (col length:60)
BRAMs: 100 (col length: RAMB18 60 RAMB36 30)
---------------------------------------------------------------------------------
Finished Part Resource Summary
---------------------------------------------------------------------------------
---------------------------------------------------------------------------------
Start Cross Boundary and Area Optimization
---------------------------------------------------------------------------------
---------------------------------------------------------------------------------
Finished Cross Boundary and Area Optimization : Time (s): cpu = 00:29:18 ; elapsed = 00:34:37 . Memory (MB): peak = 4924.094 ; gain = 2622.266 ; free physical = 8258 ; free virtual = 11694
---------------------------------------------------------------------------------
---------------------------------------------------------------------------------
Start ROM, RAM, DSP, Shift Register and Retiming Reporting
---------------------------------------------------------------------------------

ROM: Preliminary Mapping	Report
+------------+------------+---------------+----------------+
|Module Name | RTL Object | Depth x Width | Implemented As | 
+------------+------------+---------------+----------------+
|rom         | rom[63999] | 65536x9       | LUT            | 
+------------+------------+---------------+----------------+

---------------------------------------------------------------------------------
Finished ROM, RAM, DSP, Shift Register and Retiming Reporting
---------------------------------------------------------------------------------
---------------------------------------------------------------------------------
Start Applying XDC Timing Constraints
---------------------------------------------------------------------------------
---------------------------------------------------------------------------------
Finished Applying XDC Timing Constraints : Time (s): cpu = 00:29:22 ; elapsed = 00:34:42 . Memory (MB): peak = 4924.094 ; gain = 2622.266 ; free physical = 8100 ; free virtual = 11574
---------------------------------------------------------------------------------
---------------------------------------------------------------------------------
Start Timing Optimization
---------------------------------------------------------------------------------
---------------------------------------------------------------------------------
Finished Timing Optimization : Time (s): cpu = 00:29:23 ; elapsed = 00:34:42 . Memory (MB): peak = 4924.094 ; gain = 2622.266 ; free physical = 8102 ; free virtual = 11573
---------------------------------------------------------------------------------
---------------------------------------------------------------------------------
Start Technology Mapping
---------------------------------------------------------------------------------
---------------------------------------------------------------------------------
Finished Technology Mapping : Time (s): cpu = 00:29:23 ; elapsed = 00:34:43 . Memory (MB): peak = 4924.094 ; gain = 2622.266 ; free physical = 8118 ; free virtual = 11589
---------------------------------------------------------------------------------
---------------------------------------------------------------------------------
Start IO Insertion
---------------------------------------------------------------------------------
---------------------------------------------------------------------------------
Start Flattening Before IO Insertion
---------------------------------------------------------------------------------
---------------------------------------------------------------------------------
Finished Flattening Before IO Insertion
---------------------------------------------------------------------------------
---------------------------------------------------------------------------------
Start Final Netlist Cleanup
---------------------------------------------------------------------------------
---------------------------------------------------------------------------------
Finished Final Netlist Cleanup
---------------------------------------------------------------------------------
---------------------------------------------------------------------------------
Finished IO Insertion : Time (s): cpu = 00:29:26 ; elapsed = 00:34:46 . Memory (MB): peak = 4924.094 ; gain = 2622.266 ; free physical = 8140 ; free virtual = 11590
---------------------------------------------------------------------------------
---------------------------------------------------------------------------------
Start Renaming Generated Instances
---------------------------------------------------------------------------------
---------------------------------------------------------------------------------
Finished Renaming Generated Instances : Time (s): cpu = 00:29:26 ; elapsed = 00:34:46 . Memory (MB): peak = 4924.094 ; gain = 2622.266 ; free physical = 8140 ; free virtual = 11590
---------------------------------------------------------------------------------
---------------------------------------------------------------------------------
Start Rebuilding User Hierarchy
---------------------------------------------------------------------------------
---------------------------------------------------------------------------------
Finished Rebuilding User Hierarchy : Time (s): cpu = 00:29:26 ; elapsed = 00:34:46 . Memory (MB): peak = 4924.094 ; gain = 2622.266 ; free physical = 8140 ; free virtual = 11590
---------------------------------------------------------------------------------
---------------------------------------------------------------------------------
Start Renaming Generated Ports
---------------------------------------------------------------------------------
---------------------------------------------------------------------------------
Finished Renaming Generated Ports : Time (s): cpu = 00:29:26 ; elapsed = 00:34:46 . Memory (MB): peak = 4924.094 ; gain = 2622.266 ; free physical = 8140 ; free virtual = 11590
---------------------------------------------------------------------------------
---------------------------------------------------------------------------------
Start Handling Custom Attributes
---------------------------------------------------------------------------------
---------------------------------------------------------------------------------
Finished Handling Custom Attributes : Time (s): cpu = 00:29:26 ; elapsed = 00:34:46 . Memory (MB): peak = 4924.094 ; gain = 2622.266 ; free physical = 8140 ; free virtual = 11590
---------------------------------------------------------------------------------
---------------------------------------------------------------------------------
Start Renaming Generated Nets
---------------------------------------------------------------------------------
---------------------------------------------------------------------------------
Finished Renaming Generated Nets : Time (s): cpu = 00:29:26 ; elapsed = 00:34:46 . Memory (MB): peak = 4924.094 ; gain = 2622.266 ; free physical = 8140 ; free virtual = 11590
---------------------------------------------------------------------------------
---------------------------------------------------------------------------------
Start Writing Synthesis Report
---------------------------------------------------------------------------------

Report BlackBoxes: 
+-+--------------+----------+
| |BlackBox name |Instances |
+-+--------------+----------+
+-+--------------+----------+

Report Cell Usage: 
+------+------+------+
|      |Cell  |Count |
+------+------+------+
|1     |LUT2  |    27|
|2     |LUT3  |    90|
|3     |LUT4  |   142|
|4     |LUT5  |   310|
|5     |LUT6  |   933|
|6     |MUXF7 |    85|
|7     |MUXF8 |    11|
+------+------+------+
---------------------------------------------------------------------------------
Finished Writing Synthesis Report : Time (s): cpu = 00:29:26 ; elapsed = 00:34:46 . Memory (MB): peak = 4924.094 ; gain = 2622.266 ; free physical = 8140 ; free virtual = 11590
---------------------------------------------------------------------------------
Synthesis finished with 0 errors, 0 critical warnings and 0 warnings.
Synthesis Optimization Runtime : Time (s): cpu = 00:29:25 ; elapsed = 00:34:44 . Memory (MB): peak = 4924.094 ; gain = 2558.234 ; free physical = 8194 ; free virtual = 11643
Synthesis Optimization Complete : Time (s): cpu = 00:29:26 ; elapsed = 00:34:46 . Memory (MB): peak = 4924.094 ; gain = 2622.266 ; free physical = 8194 ; free virtual = 11643
INFO: [Project 1-571] Translating synthesized netlist
Netlist sorting complete. Time (s): cpu = 00:00:00.01 ; elapsed = 00:00:00.02 . Memory (MB): peak = 4924.094 ; gain = 0.000 ; free physical = 8279 ; free virtual = 11729
INFO: [Netlist 29-17] Analyzing 96 Unisim elements for replacement
INFO: [Netlist 29-28] Unisim Transformation completed in 0 CPU seconds
WARNING: [Netlist 29-101] Netlist 'BackgroundROMNight' is not ideal for floorplanning, since the cellview 'rom' contains a large number of primitives.  Please consider enabling hierarchy in synthesis if you want to do floorplanning.
INFO: [Project 1-570] Preparing netlist for logic optimization
INFO: [Opt 31-138] Pushed 0 inverter(s) to 0 load pin(s).
Netlist sorting complete. Time (s): cpu = 00:00:00 ; elapsed = 00:00:00 . Memory (MB): peak = 4924.094 ; gain = 0.000 ; free physical = 8229 ; free virtual = 11679
INFO: [Project 1-111] Unisim Transformation Summary:
No Unisim elements were transformed.

INFO: [Common 17-83] Releasing license: Synthesis
17 Infos, 1 Warnings, 0 Critical Warnings and 0 Errors encountered.
synth_design completed successfully
synth_design: Time (s): cpu = 00:29:35 ; elapsed = 00:34:50 . Memory (MB): peak = 4924.094 ; gain = 2622.484 ; free physical = 8379 ; free virtual = 11828
INFO: [Common 17-1381] The checkpoint '/home/alexanderlake/Desktop/FlappyBird/FlappyBird.runs/BackgroundROMNight_synth_1/BackgroundROMNight.dcp' has been generated.
WARNING: [Common 17-576] 'use_project_ipc' is deprecated. This option is deprecated and no longer used.
INFO: [Coretcl 2-1648] Added synthesis output to IP cache for IP BackgroundROMNight, cache-ID = ebfe3e2c31b6db29
INFO: [Coretcl 2-1174] Renamed 3 cell refs.
INFO: [Common 17-1381] The checkpoint '/home/alexanderlake/Desktop/FlappyBird/FlappyBird.runs/BackgroundROMNight_synth_1/BackgroundROMNight.dcp' has been generated.
INFO: [runtcl-4] Executing : report_utilization -file BackgroundROMNight_utilization_synth.rpt -pb BackgroundROMNight_utilization_synth.pb
INFO: [Common 17-206] Exiting Vivado at Tue Jun 29 00:47:25 2021...
